2025-05-13 03:03|15 minute warning.  Battery Voltage is 10.0 volts.  Need to be Docked - quiet time
2025-05-25 02:50|15 minute warning.  Battery Voltage is 10.0 volts.  Need to be Docked - quiet time
2025-05-25 21:37|15 minute warning.  Battery Voltage is 9.9 volts.  Need to be Docked
2025-05-26 04:05|15 minute warning.  Battery Voltage is 10.0 volts.  Need to be Docked - quiet time
2025-06-18 23:03|15 minute warning.  Battery Voltage is 10.0 volts.  Need to be Docked - quiet time
2025-08-04 15:55|15 minute warning.  Battery Voltage is 10.0 volts.  Need to be Docked
2025-10-18 12:39|The
2025-10-18 12:39| sky
2025-10-18 12:39| blue
2025-10-18 12:39| color
2025-10-18 12:39| comes
2025-10-18 12:39| from
2025-10-18 12:39| reflect
2025-10-18 12:39|ing
2025-10-18 12:39| and
2025-10-18 12:39| scatter
2025-10-18 12:39|ing
2025-10-18 12:39| light
2025-10-18 12:39| in
2025-10-18 12:39| different
2025-10-18 12:39| directions
2025-10-18 12:39| according
2025-11-06 16:39|15 minute warning.  Battery Voltage is 10.0 volts.  Need to be Docked
2026-02-02 05:36|15 minute warning.  Battery Voltage is 10.0 volts.  Need to be Docked - quiet time
2026-02-15 17:09|15 minute warning.  Battery Voltage is 9.9 volts.  Need to be Docked
2026-03-31 16:26|15 minute warning.  Battery Voltage is 10.0 volts.  Need to be Docked
2026-04-02 18:50|15 minute warning.  Battery Voltage is 10.0 volts.  Need to be Docked
2026-05-25 14:26|Just saying. This phrase contained an apostrophe which isnt allowed
2026-05-25 14:26|I need to whisper.  This phrase contains  quote a quoted word quote  
2026-05-25 14:26|I feel like shouting.  My name is Go Pi 5 Go Dave. 
2026-05-25 14:26|Whisper at 30. I dont know Pogo.  Never met the little bot
